2026-05-13 17:32:07,004 INFO  org.apache.flink.runtime.taskexecutor.TaskExecutorResourceUtils [] - The configuration option taskmanager.cpu.cores required for local execution is not set, setting it to the maximal possible value.
2026-05-13 17:32:07,005 INFO  org.apache.flink.runtime.taskexecutor.TaskExecutorResourceUtils [] - The configuration option taskmanager.memory.task.heap.size required for local execution is not set, setting it to the maximal possible value.
2026-05-13 17:32:07,005 INFO  org.apache.flink.runtime.taskexecutor.TaskExecutorResourceUtils [] - The configuration option taskmanager.memory.task.off-heap.size required for local execution is not set, setting it to the maximal possible value.
2026-05-13 17:32:07,006 INFO  org.apache.flink.runtime.taskexecutor.TaskExecutorResourceUtils [] - The configuration option taskmanager.memory.network.min required for local execution is not set, setting it to its default value 64 mb.
2026-05-13 17:32:07,006 INFO  org.apache.flink.runtime.taskexecutor.TaskExecutorResourceUtils [] - The configuration option taskmanager.memory.network.max required for local execution is not set, setting it to its default value 64 mb.
2026-05-13 17:32:07,006 INFO  org.apache.flink.runtime.taskexecutor.TaskExecutorResourceUtils [] - The configuration option taskmanager.memory.managed.size required for local execution is not set, setting it to its default value 128 mb.
2026-05-13 17:32:07,007 INFO  org.apache.flink.runtime.minicluster.MiniCluster             [] - Starting Flink Mini Cluster
2026-05-13 17:32:07,013 INFO  org.apache.flink.configuration.GlobalConfiguration           [] - Loading configuration property: taskmanager.memory.process.size, 1728m
2026-05-13 17:32:07,013 INFO  org.apache.flink.configuration.GlobalConfiguration           [] - Loading configuration property: jobmanager.bind-host, localhost
2026-05-13 17:32:07,014 INFO  org.apache.flink.configuration.GlobalConfiguration           [] - Loading configuration property: taskmanager.bind-host, localhost
2026-05-13 17:32:07,014 INFO  org.apache.flink.configuration.GlobalConfiguration           [] - Loading configuration property: taskmanager.host, localhost
2026-05-13 17:32:07,014 INFO  org.apache.flink.configuration.GlobalConfiguration           [] - Loading configuration property: parallelism.default, 1
2026-05-13 17:32:07,014 INFO  org.apache.flink.configuration.GlobalConfiguration           [] - Loading configuration property: jobmanager.execution.failover-strategy, region
2026-05-13 17:32:07,014 INFO  org.apache.flink.configuration.GlobalConfiguration           [] - Loading configuration property: jobmanager.rpc.address, localhost
2026-05-13 17:32:07,014 INFO  org.apache.flink.configuration.GlobalConfiguration           [] - Loading configuration property: taskmanager.numberOfTaskSlots, 1
2026-05-13 17:32:07,014 INFO  org.apache.flink.configuration.GlobalConfiguration           [] - Loading configuration property: rest.address, localhost
2026-05-13 17:32:07,014 INFO  org.apache.flink.configuration.GlobalConfiguration           [] - Loading configuration property: jobmanager.memory.process.size, 1600m
2026-05-13 17:32:07,014 INFO  org.apache.flink.configuration.GlobalConfiguration           [] - Loading configuration property: jobmanager.rpc.port, 6123
2026-05-13 17:32:07,014 INFO  org.apache.flink.configuration.GlobalConfiguration           [] - Loading configuration property: rest.bind-address, localhost
2026-05-13 17:32:07,321 INFO  org.apache.flink.runtime.minicluster.MiniCluster             [] - Starting Metrics Registry
2026-05-13 17:32:07,367 INFO  org.apache.flink.runtime.metrics.MetricRegistryImpl          [] - No metrics reporter configured, no metrics will be exposed/reported.
2026-05-13 17:32:07,367 INFO  org.apache.flink.runtime.minicluster.MiniCluster             [] - Starting RPC Service(s)
2026-05-13 17:32:07,376 INFO  org.apache.flink.runtime.rpc.akka.AkkaRpcServiceUtils        [] - Trying to start local actor system
2026-05-13 17:32:07,820 INFO  akka.event.slf4j.Slf4jLogger                                 [] - Slf4jLogger started
2026-05-13 17:32:07,896 INFO  org.apache.flink.runtime.rpc.akka.AkkaRpcServiceUtils        [] - Actor system started at akka://flink
2026-05-13 17:32:07,905 INFO  org.apache.flink.runtime.rpc.akka.AkkaRpcServiceUtils        [] - Trying to start local actor system
2026-05-13 17:32:07,915 INFO  akka.event.slf4j.Slf4jLogger                                 [] - Slf4jLogger started
2026-05-13 17:32:07,921 INFO  org.apache.flink.runtime.rpc.akka.AkkaRpcServiceUtils        [] - Actor system started at akka://flink-metrics
2026-05-13 17:32:07,929 INFO  org.apache.flink.runtime.rpc.akka.AkkaRpcService             [] - Starting RPC endpoint for org.apache.flink.runtime.metrics.dump.MetricQueryService at akka://flink-metrics/user/rpc/MetricQueryService .
2026-05-13 17:32:07,942 INFO  org.apache.flink.runtime.security.token.DefaultDelegationTokenManager [] - Loading delegation token providers
2026-05-13 17:32:07,944 INFO  org.apache.flink.runtime.security.token.hadoop.HadoopFSDelegationTokenProvider [] - Hadoop FS is not available (not packaged with this application): NoClassDefFoundError : "org/apache/hadoop/conf/Configuration".
2026-05-13 17:32:07,944 INFO  org.apache.flink.runtime.security.token.DefaultDelegationTokenManager [] - Delegation token provider hadoopfs loaded and initialized
2026-05-13 17:32:07,945 INFO  org.apache.flink.runtime.security.token.DefaultDelegationTokenManager [] - Delegation token provider hbase loaded and initialized
2026-05-13 17:32:07,945 INFO  org.apache.flink.runtime.security.token.DefaultDelegationTokenManager [] - Delegation token providers loaded successfully
2026-05-13 17:32:07,946 INFO  org.apache.flink.runtime.security.token.DelegationTokenReceiverRepository [] - Loading delegation token receivers
2026-05-13 17:32:07,947 INFO  org.apache.flink.runtime.security.token.DelegationTokenReceiverRepository [] - Delegation token receiver hadoopfs loaded and initialized
2026-05-13 17:32:07,948 INFO  org.apache.flink.runtime.security.token.DelegationTokenReceiverRepository [] - Delegation token receiver hbase loaded and initialized
2026-05-13 17:32:07,948 INFO  org.apache.flink.runtime.security.token.DelegationTokenReceiverRepository [] - Delegation token receivers loaded successfully
2026-05-13 17:32:07,948 INFO  org.apache.flink.runtime.security.token.DefaultDelegationTokenManager [] - Checking provider and receiver instances consistency
2026-05-13 17:32:07,948 INFO  org.apache.flink.runtime.security.token.DefaultDelegationTokenManager [] - Provider and receiver instances are consistent
2026-05-13 17:32:07,948 INFO  org.apache.flink.runtime.security.token.DefaultDelegationTokenManager [] - Obtaining delegation tokens
2026-05-13 17:32:07,949 INFO  org.apache.flink.runtime.security.token.DefaultDelegationTokenManager [] - Delegation tokens obtained successfully
2026-05-13 17:32:07,949 WARN  org.apache.flink.runtime.security.token.DefaultDelegationTokenManager [] - No tokens obtained so skipping notifications
2026-05-13 17:32:07,949 INFO  org.apache.flink.runtime.security.token.DelegationTokenReceiverRepository [] - Loading delegation token receivers
2026-05-13 17:32:07,950 INFO  org.apache.flink.runtime.security.token.DelegationTokenReceiverRepository [] - Delegation token receiver hadoopfs loaded and initialized
2026-05-13 17:32:07,950 INFO  org.apache.flink.runtime.security.token.DelegationTokenReceiverRepository [] - Delegation token receiver hbase loaded and initialized
2026-05-13 17:32:07,950 INFO  org.apache.flink.runtime.security.token.DelegationTokenReceiverRepository [] - Delegation token receivers loaded successfully
2026-05-13 17:32:07,955 INFO  org.apache.flink.runtime.blob.BlobServer                     [] - Created BLOB server storage directory /tmp/minicluster_dc8c34bd358f4ebcb41ff6f348f4ecb2/blobStorage
2026-05-13 17:32:07,958 INFO  org.apache.flink.runtime.blob.BlobServer                     [] - Started BLOB server at 0.0.0.0:44051 - max concurrent requests: 50 - max backlog: 1000
2026-05-13 17:32:07,962 INFO  org.apache.flink.runtime.blob.PermanentBlobCache             [] - Created BLOB cache storage directory /tmp/minicluster_dc8c34bd358f4ebcb41ff6f348f4ecb2/blobStorage
2026-05-13 17:32:07,963 INFO  org.apache.flink.runtime.blob.TransientBlobCache             [] - Created BLOB cache storage directory /tmp/minicluster_dc8c34bd358f4ebcb41ff6f348f4ecb2/blobStorage
2026-05-13 17:32:07,964 INFO  org.apache.flink.runtime.minicluster.MiniCluster             [] - Starting 1 TaskManager(s)
2026-05-13 17:32:07,966 INFO  org.apache.flink.runtime.taskexecutor.TaskManagerRunner      [] - Starting TaskManager with ResourceID: dd38cecb-de75-47b3-a96f-d845cf69b1d7
2026-05-13 17:32:07,976 INFO  org.apache.flink.runtime.taskexecutor.TaskManagerServices    [] - Temporary file directory '/tmp': total 108 GB, usable 73 GB (67.59% usable)
2026-05-13 17:32:07,978 INFO  org.apache.flink.runtime.io.disk.iomanager.IOManager         [] - Created a new FileChannelManager for spilling of task related data to disk (joins, sorting, ...). Used directories:
	/tmp/flink-io-7a4de9f0-3a92-4652-a076-19ee123a1f78
2026-05-13 17:32:07,983 INFO  org.apache.flink.runtime.io.network.NettyShuffleServiceFactory [] - Created a new FileChannelManager for storing result partitions of BLOCKING shuffles. Used directories:
	/tmp/flink-netty-shuffle-20c55010-b0f8-4f2c-95f9-dbfdd5367908
2026-05-13 17:32:08,012 INFO  org.apache.flink.runtime.io.network.buffer.NetworkBufferPool [] - Allocated 64 MB for network buffer pool (number of memory segments: 2048, bytes per segment: 32768).
2026-05-13 17:32:08,020 INFO  org.apache.flink.runtime.io.network.NettyShuffleEnvironment  [] - Starting the network environment and its components.
2026-05-13 17:32:08,020 INFO  org.apache.flink.runtime.taskexecutor.KvStateService         [] - Starting the kvState service and its components.
2026-05-13 17:32:08,028 INFO  org.apache.flink.configuration.Configuration                 [] - Config uses fallback configuration key 'akka.ask.timeout' instead of key 'taskmanager.slot.timeout'
2026-05-13 17:32:08,034 INFO  org.apache.flink.runtime.rpc.akka.AkkaRpcService             [] - Starting RPC endpoint for org.apache.flink.runtime.taskexecutor.TaskExecutor at akka://flink/user/rpc/taskmanager_0 .
2026-05-13 17:32:08,043 INFO  org.apache.flink.runtime.taskexecutor.DefaultJobLeaderService [] - Start job leader service.
2026-05-13 17:32:08,044 INFO  org.apache.flink.runtime.filecache.FileCache                 [] - User file cache uses directory /tmp/flink-dist-cache-a40a8aaf-b898-43c2-b4c0-57034f78898d
2026-05-13 17:32:08,074 INFO  org.apache.flink.runtime.dispatcher.DispatcherRestEndpoint   [] - Starting rest endpoint.
2026-05-13 17:32:08,246 INFO  org.apache.flink.runtime.webmonitor.WebMonitorUtils          [] - Determined location of main cluster component log file: /home/student/Desktop/stream-processing/flink-1.17.2/log/flink-student-python-student-System-Product-Name.log
2026-05-13 17:32:08,246 INFO  org.apache.flink.runtime.webmonitor.WebMonitorUtils          [] - Determined location of main cluster component stdout file: /home/student/Desktop/stream-processing/flink-1.17.2/log/flink-student-python-student-System-Product-Name.out
2026-05-13 17:32:08,325 INFO  org.apache.flink.runtime.dispatcher.DispatcherRestEndpoint   [] - Rest endpoint listening at localhost:41257
2026-05-13 17:32:08,326 INFO  org.apache.flink.runtime.highavailability.nonha.embedded.EmbeddedLeaderService [] - Proposing leadership to contender http://localhost:41257
2026-05-13 17:32:08,327 INFO  org.apache.flink.runtime.dispatcher.DispatcherRestEndpoint   [] - Web frontend listening at http://localhost:41257.
2026-05-13 17:32:08,328 INFO  org.apache.flink.runtime.dispatcher.DispatcherRestEndpoint   [] - http://localhost:41257 was granted leadership with leaderSessionID=e0b3108a-cbad-49a0-b643-2babd74a84f4
2026-05-13 17:32:08,328 INFO  org.apache.flink.runtime.highavailability.nonha.embedded.EmbeddedLeaderService [] - Received confirmation of leadership for leader http://localhost:41257 , session=e0b3108a-cbad-49a0-b643-2babd74a84f4
2026-05-13 17:32:08,335 INFO  org.apache.flink.runtime.highavailability.nonha.embedded.EmbeddedLeaderService [] - Proposing leadership to contender LeaderContender: DefaultDispatcherRunner
2026-05-13 17:32:08,335 INFO  org.apache.flink.runtime.resourcemanager.ResourceManagerServiceImpl [] - Starting resource manager service.
2026-05-13 17:32:08,336 INFO  org.apache.flink.runtime.dispatcher.runner.DefaultDispatcherRunner [] - DefaultDispatcherRunner was granted leadership with leader id 83a4ec07-fd51-47d1-bfa8-57140f0540ab. Creating new DispatcherLeaderProcess.
2026-05-13 17:32:08,336 INFO  org.apache.flink.runtime.highavailability.nonha.embedded.EmbeddedLeaderService [] - Proposing leadership to contender LeaderContender: ResourceManagerServiceImpl
2026-05-13 17:32:08,337 INFO  org.apache.flink.runtime.resourcemanager.ResourceManagerServiceImpl [] - Resource manager service is granted leadership with session id 8aab5414-d300-495d-b4f7-df1d3fde75a1.
2026-05-13 17:32:08,339 INFO  org.apache.flink.runtime.minicluster.MiniCluster             [] - Flink Mini Cluster started successfully
2026-05-13 17:32:08,339 INFO  org.apache.flink.runtime.dispatcher.runner.SessionDispatcherLeaderProcess [] - Start SessionDispatcherLeaderProcess.
2026-05-13 17:32:08,342 INFO  org.apache.flink.runtime.dispatcher.runner.SessionDispatcherLeaderProcess [] - Recover all persisted job graphs that are not finished, yet.
2026-05-13 17:32:08,342 INFO  org.apache.flink.runtime.dispatcher.runner.SessionDispatcherLeaderProcess [] - Successfully recovered 0 persisted job graphs.
2026-05-13 17:32:08,349 INFO  org.apache.flink.runtime.rpc.akka.AkkaRpcService             [] - Starting RPC endpoint for org.apache.flink.runtime.resourcemanager.StandaloneResourceManager at akka://flink/user/rpc/resourcemanager_1 .
2026-05-13 17:32:08,350 INFO  org.apache.flink.runtime.rpc.akka.AkkaRpcService             [] - Starting RPC endpoint for org.apache.flink.runtime.dispatcher.StandaloneDispatcher at akka://flink/user/rpc/dispatcher_2 .
2026-05-13 17:32:08,357 INFO  org.apache.flink.runtime.resourcemanager.StandaloneResourceManager [] - Starting the resource manager.
2026-05-13 17:32:08,361 INFO  org.apache.flink.runtime.highavailability.nonha.embedded.EmbeddedLeaderService [] - Received confirmation of leadership for leader akka://flink/user/rpc/dispatcher_2 , session=83a4ec07-fd51-47d1-bfa8-57140f0540ab
2026-05-13 17:32:08,362 INFO  org.apache.flink.runtime.security.token.DefaultDelegationTokenManager [] - Starting tokens update task
2026-05-13 17:32:08,362 WARN  org.apache.flink.runtime.security.token.DefaultDelegationTokenManager [] - No tokens obtained so skipping notifications
2026-05-13 17:32:08,362 WARN  org.apache.flink.runtime.security.token.DefaultDelegationTokenManager [] - Tokens update task not started because either no tokens obtained or none of the tokens specified its renewal date
2026-05-13 17:32:08,363 INFO  org.apache.flink.runtime.highavailability.nonha.embedded.EmbeddedLeaderService [] - Received confirmation of leadership for leader akka://flink/user/rpc/resourcemanager_1 , session=8aab5414-d300-495d-b4f7-df1d3fde75a1
2026-05-13 17:32:08,366 INFO  org.apache.flink.runtime.taskexecutor.TaskExecutor           [] - Connecting to ResourceManager akka://flink/user/rpc/resourcemanager_1(b4f7df1d3fde75a18aab5414d300495d).
2026-05-13 17:32:08,381 INFO  org.apache.flink.runtime.taskexecutor.TaskExecutor           [] - Resolved ResourceManager address, beginning registration
2026-05-13 17:32:08,387 INFO  org.apache.flink.runtime.resourcemanager.StandaloneResourceManager [] - Registering TaskManager with ResourceID dd38cecb-de75-47b3-a96f-d845cf69b1d7 (akka://flink/user/rpc/taskmanager_0) at ResourceManager
2026-05-13 17:32:08,388 INFO  org.apache.flink.runtime.dispatcher.StandaloneDispatcher     [] - Received JobGraph submission 'Payments Flink App' (ba3743b2578a6c734f16081c063dd570).
2026-05-13 17:32:08,388 INFO  org.apache.flink.runtime.dispatcher.StandaloneDispatcher     [] - Submitting job 'Payments Flink App' (ba3743b2578a6c734f16081c063dd570).
2026-05-13 17:32:08,388 INFO  org.apache.flink.runtime.taskexecutor.TaskExecutor           [] - Successful registration at resource manager akka://flink/user/rpc/resourcemanager_1 under registration id a60a424d86253fc74975347713a47b52.
2026-05-13 17:32:08,397 INFO  org.apache.flink.runtime.highavailability.nonha.embedded.EmbeddedLeaderService [] - Proposing leadership to contender LeaderContender: JobMasterServiceLeadershipRunner
2026-05-13 17:32:08,398 INFO  org.apache.flink.runtime.jobmaster.JobMasterServiceLeadershipRunner [] - JobMasterServiceLeadershipRunner for job ba3743b2578a6c734f16081c063dd570 was granted leadership with leader id f26c31c2-2bee-4b91-8781-7e1572fd6c85. Creating new JobMasterServiceProcess.
2026-05-13 17:32:08,404 INFO  org.apache.flink.runtime.rpc.akka.AkkaRpcService             [] - Starting RPC endpoint for org.apache.flink.runtime.jobmaster.JobMaster at akka://flink/user/rpc/jobmanager_3 .
2026-05-13 17:32:08,409 INFO  org.apache.flink.runtime.jobmaster.JobMaster                 [] - Initializing job 'Payments Flink App' (ba3743b2578a6c734f16081c063dd570).
2026-05-13 17:32:08,421 INFO  org.apache.flink.runtime.jobmaster.JobMaster                 [] - Using restart back off time strategy NoRestartBackoffTimeStrategy for Payments Flink App (ba3743b2578a6c734f16081c063dd570).
2026-05-13 17:32:08,438 INFO  org.apache.flink.runtime.executiongraph.ExecutionGraph       [] - Created execution graph e1902fcb1f98b2ce0ce1e2cb6b041904 for job ba3743b2578a6c734f16081c063dd570.
2026-05-13 17:32:08,452 INFO  org.apache.flink.runtime.jobmaster.JobMaster                 [] - Running initialization on master for job Payments Flink App (ba3743b2578a6c734f16081c063dd570).
2026-05-13 17:32:08,452 INFO  org.apache.flink.runtime.jobmaster.JobMaster                 [] - Successfully ran initialization on master in 0 ms.
2026-05-13 17:32:08,480 INFO  org.apache.flink.runtime.scheduler.adapter.DefaultExecutionTopology [] - Built 1 new pipelined regions in 9 ms, total 1 pipelined regions currently.
2026-05-13 17:32:08,485 INFO  org.apache.flink.runtime.jobmaster.JobMaster                 [] - No state backend has been configured, using default (HashMap) org.apache.flink.runtime.state.hashmap.HashMapStateBackend@1d6339cc
2026-05-13 17:32:08,485 INFO  org.apache.flink.runtime.state.StateBackendLoader            [] - State backend loader loads the state backend as HashMapStateBackend
2026-05-13 17:32:08,486 INFO  org.apache.flink.runtime.jobmaster.JobMaster                 [] - Checkpoint storage is set to 'jobmanager'
2026-05-13 17:32:08,511 INFO  org.apache.flink.runtime.checkpoint.CheckpointCoordinator    [] - No checkpoint found during restore.
2026-05-13 17:32:08,516 INFO  org.apache.flink.runtime.jobmaster.JobMaster                 [] - Using failover strategy org.apache.flink.runtime.executiongraph.failover.flip1.RestartPipelinedRegionFailoverStrategy@4450a729 for Payments Flink App (ba3743b2578a6c734f16081c063dd570).
2026-05-13 17:32:08,522 INFO  org.apache.flink.runtime.highavailability.nonha.embedded.EmbeddedLeaderService [] - Received confirmation of leadership for leader akka://flink/user/rpc/jobmanager_3 , session=f26c31c2-2bee-4b91-8781-7e1572fd6c85
2026-05-13 17:32:08,524 INFO  org.apache.flink.runtime.jobmaster.JobMaster                 [] - Starting execution of job 'Payments Flink App' (ba3743b2578a6c734f16081c063dd570) under job master id 87817e1572fd6c85f26c31c22bee4b91.
2026-05-13 17:32:08,526 INFO  org.apache.flink.runtime.source.coordinator.SourceCoordinator [] - Starting split enumerator for source Source: kafka-source.
2026-05-13 17:32:08,528 INFO  org.apache.flink.runtime.jobmaster.JobMaster                 [] - Starting scheduling with scheduling strategy [org.apache.flink.runtime.scheduler.strategy.PipelinedRegionSchedulingStrategy]
2026-05-13 17:32:08,528 INFO  org.apache.flink.runtime.executiongraph.ExecutionGraph       [] - Job Payments Flink App (ba3743b2578a6c734f16081c063dd570) switched from state CREATED to RUNNING.
2026-05-13 17:32:08,530 INFO  org.apache.flink.runtime.executiongraph.ExecutionGraph       [] - Source: kafka-source -> Map, Filter, Map -> (Sink: Print to Std. Out, Sink: Writer -> Sink: Committer) (1/1) (e1902fcb1f98b2ce0ce1e2cb6b041904_cbc357ccb763df2852fee8c4fc7d55f2_0_0) switched from CREATED to SCHEDULED.
2026-05-13 17:32:08,539 INFO  org.apache.kafka.clients.admin.AdminClientConfig             [] - AdminClientConfig values: 
	auto.include.jmx.reporter = true
	bootstrap.servers = [localhost:9092]
	client.dns.lookup = use_all_dns_ips
	client.id = flink-consumer-group-enumerator-admin-client
	connections.max.idle.ms = 300000
	default.api.timeout.ms = 60000
	metadata.max.age.ms = 300000
	metric.reporters = []
	metrics.num.samples = 2
	metrics.recording.level = INFO
	metrics.sample.window.ms = 30000
	receive.buffer.bytes = 65536
	reconnect.backoff.max.ms = 1000
	reconnect.backoff.ms = 50
	request.timeout.ms = 30000
	retries = 2147483647
	retry.backoff.ms = 100
	sasl.client.callback.handler.class = null
	sasl.jaas.config = null
	sasl.kerberos.kinit.cmd = /usr/bin/kinit
	sasl.kerberos.min.time.before.relogin = 60000
	sasl.kerberos.service.name = null
	sasl.kerberos.ticket.renew.jitter = 0.05
	sasl.kerberos.ticket.renew.window.factor = 0.8
	sasl.login.callback.handler.class = null
	sasl.login.class = null
	sasl.login.connect.timeout.ms = null
	sasl.login.read.timeout.ms = null
	sasl.login.refresh.buffer.seconds = 300
	sasl.login.refresh.min.period.seconds = 60
	sasl.login.refresh.window.factor = 0.8
	sasl.login.refresh.window.jitter = 0.05
	sasl.login.retry.backoff.max.ms = 10000
	sasl.login.retry.backoff.ms = 100
	sasl.mechanism = GSSAPI
	sasl.oauthbearer.clock.skew.seconds = 30
	sasl.oauthbearer.expected.audience = null
	sasl.oauthbearer.expected.issuer = null
	sasl.oauthbearer.jwks.endpoint.refresh.ms = 3600000
	sasl.oauthbearer.jwks.endpoint.retry.backoff.max.ms = 10000
	sasl.oauthbearer.jwks.endpoint.retry.backoff.ms = 100
	sasl.oauthbearer.jwks.endpoint.url = null
	sasl.oauthbearer.scope.claim.name = scope
	sasl.oauthbearer.sub.claim.name = sub
	sasl.oauthbearer.token.endpoint.url = null
	security.protocol = PLAINTEXT
	security.providers = null
	send.buffer.bytes = 131072
	socket.connection.setup.timeout.max.ms = 30000
	socket.connection.setup.timeout.ms = 10000
	ssl.cipher.suites = null
	ssl.enabled.protocols = [TLSv1.2, TLSv1.3]
	ssl.endpoint.identification.algorithm = https
	ssl.engine.factory.class = null
	ssl.key.password = null
	ssl.keymanager.algorithm = SunX509
	ssl.keystore.certificate.chain = null
	ssl.keystore.key = null
	ssl.keystore.location = null
	ssl.keystore.password = null
	ssl.keystore.type = JKS
	ssl.protocol = TLSv1.3
	ssl.provider = null
	ssl.secure.random.implementation = null
	ssl.trustmanager.algorithm = PKIX
	ssl.truststore.certificates = null
	ssl.truststore.location = null
	ssl.truststore.password = null
	ssl.truststore.type = JKS

2026-05-13 17:32:08,540 INFO  org.apache.flink.runtime.jobmaster.JobMaster                 [] - Connecting to ResourceManager akka://flink/user/rpc/resourcemanager_1(b4f7df1d3fde75a18aab5414d300495d)
2026-05-13 17:32:08,542 INFO  org.apache.flink.runtime.jobmaster.JobMaster                 [] - Resolved ResourceManager address, beginning registration
2026-05-13 17:32:08,543 INFO  org.apache.flink.runtime.resourcemanager.StandaloneResourceManager [] - Registering job manager 87817e1572fd6c85f26c31c22bee4b91@akka://flink/user/rpc/jobmanager_3 for job ba3743b2578a6c734f16081c063dd570.
2026-05-13 17:32:08,546 INFO  org.apache.flink.runtime.resourcemanager.StandaloneResourceManager [] - Registered job manager 87817e1572fd6c85f26c31c22bee4b91@akka://flink/user/rpc/jobmanager_3 for job ba3743b2578a6c734f16081c063dd570.
2026-05-13 17:32:08,548 INFO  org.apache.flink.runtime.jobmaster.JobMaster                 [] - JobManager successfully registered at ResourceManager, leader id: b4f7df1d3fde75a18aab5414d300495d.
2026-05-13 17:32:08,549 INFO  org.apache.flink.runtime.resourcemanager.slotmanager.DeclarativeSlotManager [] - Received resource requirements from job ba3743b2578a6c734f16081c063dd570: [ResourceRequirement{resourceProfile=ResourceProfile{UNKNOWN}, numberOfRequiredSlots=1}]
2026-05-13 17:32:08,589 INFO  org.apache.kafka.clients.admin.AdminClientConfig             [] - These configurations '[key.deserializer, value.deserializer, enable.auto.commit, client.id.prefix, group.id, partition.discovery.interval.ms, auto.offset.reset]' were supplied but are not used yet.
2026-05-13 17:32:08,590 INFO  org.apache.kafka.common.utils.AppInfoParser                  [] - Kafka version: 3.6.1
2026-05-13 17:32:08,590 INFO  org.apache.kafka.common.utils.AppInfoParser                  [] - Kafka commitId: 5e3c2b738d253ff5
2026-05-13 17:32:08,590 INFO  org.apache.kafka.common.utils.AppInfoParser                  [] - Kafka startTimeMs: 1778679128589
2026-05-13 17:32:08,591 INFO  org.apache.flink.connector.kafka.source.enumerator.KafkaSourceEnumerator [] - Starting the KafkaSourceEnumerator for consumer group flink-consumer-group without periodic partition discovery.
2026-05-13 17:32:08,614 INFO  org.apache.flink.runtime.taskexecutor.TaskExecutor           [] - Receive slot request c103be9bfa0225ae7bad0738e5cd7822 for job ba3743b2578a6c734f16081c063dd570 from resource manager with leader id b4f7df1d3fde75a18aab5414d300495d.
2026-05-13 17:32:08,617 INFO  org.apache.flink.runtime.taskexecutor.TaskExecutor           [] - Allocated slot for c103be9bfa0225ae7bad0738e5cd7822.
2026-05-13 17:32:08,618 INFO  org.apache.flink.runtime.taskexecutor.DefaultJobLeaderService [] - Add job ba3743b2578a6c734f16081c063dd570 for job leader monitoring.
2026-05-13 17:32:08,619 INFO  org.apache.flink.runtime.taskexecutor.DefaultJobLeaderService [] - Try to register at job manager akka://flink/user/rpc/jobmanager_3 with leader id f26c31c2-2bee-4b91-8781-7e1572fd6c85.
2026-05-13 17:32:08,620 INFO  org.apache.flink.runtime.taskexecutor.DefaultJobLeaderService [] - Resolved JobManager address, beginning registration
2026-05-13 17:32:08,623 INFO  org.apache.flink.runtime.taskexecutor.DefaultJobLeaderService [] - Successful registration at job manager akka://flink/user/rpc/jobmanager_3 for job ba3743b2578a6c734f16081c063dd570.
2026-05-13 17:32:08,624 INFO  org.apache.flink.runtime.taskexecutor.TaskExecutor           [] - Establish JobManager connection for job ba3743b2578a6c734f16081c063dd570.
2026-05-13 17:32:08,625 INFO  org.apache.flink.runtime.taskexecutor.TaskExecutor           [] - Offer reserved slots to the leader of job ba3743b2578a6c734f16081c063dd570.
2026-05-13 17:32:08,628 INFO  org.apache.flink.runtime.executiongraph.ExecutionGraph       [] - Source: kafka-source -> Map, Filter, Map -> (Sink: Print to Std. Out, Sink: Writer -> Sink: Committer) (1/1) (e1902fcb1f98b2ce0ce1e2cb6b041904_cbc357ccb763df2852fee8c4fc7d55f2_0_0) switched from SCHEDULED to DEPLOYING.
2026-05-13 17:32:08,629 INFO  org.apache.flink.runtime.executiongraph.ExecutionGraph       [] - Deploying Source: kafka-source -> Map, Filter, Map -> (Sink: Print to Std. Out, Sink: Writer -> Sink: Committer) (1/1) (attempt #0) with attempt id e1902fcb1f98b2ce0ce1e2cb6b041904_cbc357ccb763df2852fee8c4fc7d55f2_0_0 and vertex id cbc357ccb763df2852fee8c4fc7d55f2_0 to dd38cecb-de75-47b3-a96f-d845cf69b1d7 @ localhost (dataPort=-1) with allocation id c103be9bfa0225ae7bad0738e5cd7822
2026-05-13 17:32:08,632 INFO  org.apache.flink.runtime.taskexecutor.slot.TaskSlotTableImpl [] - Activate slot c103be9bfa0225ae7bad0738e5cd7822.
2026-05-13 17:32:08,642 INFO  org.apache.flink.runtime.state.changelog.StateChangelogStorageLoader [] - StateChangelogStorageLoader initialized with shortcut names {memory,filesystem}.
2026-05-13 17:32:08,642 INFO  org.apache.flink.runtime.state.changelog.StateChangelogStorageLoader [] - Creating a changelog storage with name 'memory'.
2026-05-13 17:32:08,648 INFO  org.apache.flink.runtime.state.TaskExecutorChannelStateExecutorFactoryManager [] - Creating the channel state executor factory for job id ba3743b2578a6c734f16081c063dd570
2026-05-13 17:32:08,652 INFO  org.apache.flink.runtime.taskexecutor.TaskExecutor           [] - Received task Source: kafka-source -> Map, Filter, Map -> (Sink: Print to Std. Out, Sink: Writer -> Sink: Committer) (1/1)#0 (e1902fcb1f98b2ce0ce1e2cb6b041904_cbc357ccb763df2852fee8c4fc7d55f2_0_0), deploy into slot with allocation id c103be9bfa0225ae7bad0738e5cd7822.
2026-05-13 17:32:08,653 INFO  org.apache.flink.runtime.taskmanager.Task                    [] - Source: kafka-source -> Map, Filter, Map -> (Sink: Print to Std. Out, Sink: Writer -> Sink: Committer) (1/1)#0 (e1902fcb1f98b2ce0ce1e2cb6b041904_cbc357ccb763df2852fee8c4fc7d55f2_0_0) switched from CREATED to DEPLOYING.
2026-05-13 17:32:08,654 INFO  org.apache.flink.runtime.taskexecutor.slot.TaskSlotTableImpl [] - Activate slot c103be9bfa0225ae7bad0738e5cd7822.
2026-05-13 17:32:08,656 INFO  org.apache.flink.runtime.taskmanager.Task                    [] - Loading JAR files for task Source: kafka-source -> Map, Filter, Map -> (Sink: Print to Std. Out, Sink: Writer -> Sink: Committer) (1/1)#0 (e1902fcb1f98b2ce0ce1e2cb6b041904_cbc357ccb763df2852fee8c4fc7d55f2_0_0) [DEPLOYING].
2026-05-13 17:32:08,669 INFO  org.apache.flink.streaming.runtime.tasks.StreamTask          [] - No state backend has been configured, using default (HashMap) org.apache.flink.runtime.state.hashmap.HashMapStateBackend@6301e9d3
2026-05-13 17:32:08,669 INFO  org.apache.flink.runtime.state.StateBackendLoader            [] - State backend loader loads the state backend as HashMapStateBackend
2026-05-13 17:32:08,669 INFO  org.apache.flink.streaming.runtime.tasks.StreamTask          [] - Checkpoint storage is set to 'jobmanager'
2026-05-13 17:32:08,673 INFO  org.apache.flink.runtime.taskmanager.Task                    [] - Source: kafka-source -> Map, Filter, Map -> (Sink: Print to Std. Out, Sink: Writer -> Sink: Committer) (1/1)#0 (e1902fcb1f98b2ce0ce1e2cb6b041904_cbc357ccb763df2852fee8c4fc7d55f2_0_0) switched from DEPLOYING to INITIALIZING.
2026-05-13 17:32:08,674 INFO  org.apache.flink.runtime.executiongraph.ExecutionGraph       [] - Source: kafka-source -> Map, Filter, Map -> (Sink: Print to Std. Out, Sink: Writer -> Sink: Committer) (1/1) (e1902fcb1f98b2ce0ce1e2cb6b041904_cbc357ccb763df2852fee8c4fc7d55f2_0_0) switched from DEPLOYING to INITIALIZING.
2026-05-13 17:32:08,741 INFO  org.apache.kafka.clients.producer.ProducerConfig             [] - ProducerConfig values: 
	acks = -1
	auto.include.jmx.reporter = true
	batch.size = 16384
	bootstrap.servers = [localhost:9092]
	buffer.memory = 33554432
	client.dns.lookup = use_all_dns_ips
	client.id = producer-1
	compression.type = none
	connections.max.idle.ms = 540000
	delivery.timeout.ms = 120000
	enable.idempotence = true
	interceptor.classes = []
	key.serializer = class org.apache.kafka.common.serialization.ByteArraySerializer
	linger.ms = 0
	max.block.ms = 60000
	max.in.flight.requests.per.connection = 5
	max.request.size = 1048576
	metadata.max.age.ms = 300000
	metadata.max.idle.ms = 300000
	metric.reporters = []
	metrics.num.samples = 2
	metrics.recording.level = INFO
	metrics.sample.window.ms = 30000
	partitioner.adaptive.partitioning.enable = true
	partitioner.availability.timeout.ms = 0
	partitioner.class = null
	partitioner.ignore.keys = false
	receive.buffer.bytes = 32768
	reconnect.backoff.max.ms = 1000
	reconnect.backoff.ms = 50
	request.timeout.ms = 30000
	retries = 2147483647
	retry.backoff.ms = 100
	sasl.client.callback.handler.class = null
	sasl.jaas.config = null
	sasl.kerberos.kinit.cmd = /usr/bin/kinit
	sasl.kerberos.min.time.before.relogin = 60000
	sasl.kerberos.service.name = null
	sasl.kerberos.ticket.renew.jitter = 0.05
	sasl.kerberos.ticket.renew.window.factor = 0.8
	sasl.login.callback.handler.class = null
	sasl.login.class = null
	sasl.login.connect.timeout.ms = null
	sasl.login.read.timeout.ms = null
	sasl.login.refresh.buffer.seconds = 300
	sasl.login.refresh.min.period.seconds = 60
	sasl.login.refresh.window.factor = 0.8
	sasl.login.refresh.window.jitter = 0.05
	sasl.login.retry.backoff.max.ms = 10000
	sasl.login.retry.backoff.ms = 100
	sasl.mechanism = GSSAPI
	sasl.oauthbearer.clock.skew.seconds = 30
	sasl.oauthbearer.expected.audience = null
	sasl.oauthbearer.expected.issuer = null
	sasl.oauthbearer.jwks.endpoint.refresh.ms = 3600000
	sasl.oauthbearer.jwks.endpoint.retry.backoff.max.ms = 10000
	sasl.oauthbearer.jwks.endpoint.retry.backoff.ms = 100
	sasl.oauthbearer.jwks.endpoint.url = null
	sasl.oauthbearer.scope.claim.name = scope
	sasl.oauthbearer.sub.claim.name = sub
	sasl.oauthbearer.token.endpoint.url = null
	security.protocol = PLAINTEXT
	security.providers = null
	send.buffer.bytes = 131072
	socket.connection.setup.timeout.max.ms = 30000
	socket.connection.setup.timeout.ms = 10000
	ssl.cipher.suites = null
	ssl.enabled.protocols = [TLSv1.2, TLSv1.3]
	ssl.endpoint.identification.algorithm = https
	ssl.engine.factory.class = null
	ssl.key.password = null
	ssl.keymanager.algorithm = SunX509
	ssl.keystore.certificate.chain = null
	ssl.keystore.key = null
	ssl.keystore.location = null
	ssl.keystore.password = null
	ssl.keystore.type = JKS
	ssl.protocol = TLSv1.3
	ssl.provider = null
	ssl.secure.random.implementation = null
	ssl.trustmanager.algorithm = PKIX
	ssl.truststore.certificates = null
	ssl.truststore.location = null
	ssl.truststore.password = null
	ssl.truststore.type = JKS
	transaction.timeout.ms = 3600000
	transactional.id = null
	value.serializer = class org.apache.kafka.common.serialization.ByteArraySerializer

2026-05-13 17:32:08,748 INFO  org.apache.kafka.clients.producer.KafkaProducer              [] - [Producer clientId=producer-1] Instantiated an idempotent producer.
2026-05-13 17:32:08,762 INFO  org.apache.kafka.common.utils.AppInfoParser                  [] - Kafka version: 3.6.1
2026-05-13 17:32:08,762 INFO  org.apache.kafka.common.utils.AppInfoParser                  [] - Kafka commitId: 5e3c2b738d253ff5
2026-05-13 17:32:08,762 INFO  org.apache.kafka.common.utils.AppInfoParser                  [] - Kafka startTimeMs: 1778679128762
2026-05-13 17:32:08,776 INFO  org.apache.flink.streaming.api.operators.AbstractStreamOperator [] - The maximum bundle size is configured to 1000.
2026-05-13 17:32:08,776 INFO  org.apache.flink.streaming.api.operators.AbstractStreamOperator [] - The maximum bundle time is configured to 1000 milliseconds.
2026-05-13 17:32:08,798 INFO  org.apache.kafka.clients.Metadata                            [] - [Producer clientId=producer-1] Cluster ID: w5m6aEWfTQC-8QnR4AMHGQ
2026-05-13 17:32:08,806 INFO  org.apache.flink.connector.kafka.source.enumerator.KafkaSourceEnumerator [] - Discovered new partitions: [payments-0]
2026-05-13 17:32:08,820 INFO  org.apache.kafka.clients.producer.internals.TransactionManager [] - [Producer clientId=producer-1] ProducerId set to 0 with epoch 0
2026-05-13 17:32:08,823 INFO  org.apache.flink.configuration.GlobalConfiguration           [] - Loading configuration property: taskmanager.memory.process.size, 1728m
2026-05-13 17:32:08,823 INFO  org.apache.flink.configuration.GlobalConfiguration           [] - Loading configuration property: jobmanager.bind-host, localhost
2026-05-13 17:32:08,823 INFO  org.apache.flink.configuration.GlobalConfiguration           [] - Loading configuration property: taskmanager.bind-host, localhost
2026-05-13 17:32:08,823 INFO  org.apache.flink.configuration.GlobalConfiguration           [] - Loading configuration property: taskmanager.host, localhost
2026-05-13 17:32:08,823 INFO  org.apache.flink.configuration.GlobalConfiguration           [] - Loading configuration property: parallelism.default, 1
2026-05-13 17:32:08,823 INFO  org.apache.flink.configuration.GlobalConfiguration           [] - Loading configuration property: jobmanager.execution.failover-strategy, region
2026-05-13 17:32:08,823 INFO  org.apache.flink.configuration.GlobalConfiguration           [] - Loading configuration property: jobmanager.rpc.address, localhost
2026-05-13 17:32:08,823 INFO  org.apache.flink.configuration.GlobalConfiguration           [] - Loading configuration property: taskmanager.numberOfTaskSlots, 1
2026-05-13 17:32:08,823 INFO  org.apache.flink.configuration.GlobalConfiguration           [] - Loading configuration property: rest.address, localhost
2026-05-13 17:32:08,823 INFO  org.apache.flink.configuration.GlobalConfiguration           [] - Loading configuration property: jobmanager.memory.process.size, 1600m
2026-05-13 17:32:08,823 INFO  org.apache.flink.configuration.GlobalConfiguration           [] - Loading configuration property: jobmanager.rpc.port, 6123
2026-05-13 17:32:08,823 INFO  org.apache.flink.configuration.GlobalConfiguration           [] - Loading configuration property: rest.bind-address, localhost
2026-05-13 17:32:08,890 INFO  org.apache.flink.python.env.AbstractPythonEnvironmentManager [] - PYTHONPATH of python worker: null
2026-05-13 17:32:08,890 INFO  org.apache.flink.python.env.AbstractPythonEnvironmentManager [] - Python interpreter path: python
2026-05-13 17:32:09,491 INFO  org.apache.flink.streaming.api.runners.python.beam.BeamPythonFunctionRunner [] - Obtained shared Python process of size 134217728 bytes
2026-05-13 17:32:10,667 INFO  org.apache.beam.runners.fnexecution.logging.GrpcLoggingService [] - Beam Fn Logging client connected.
2026-05-13 17:32:10,672 INFO  /home/student/Desktop/stream-processing/venv/lib/python3.10/site-packages/pyflink/fn_execution/beam/beam_worker_pool_service.py:138 [] - Starting up Python worker in loopback mode.
2026-05-13 17:32:10,673 INFO  /home/student/Desktop/stream-processing/venv/lib/python3.10/site-packages/apache_beam/runners/worker/statecache.py:214 [] - Creating state cache with size 1000
2026-05-13 17:32:10,674 INFO  /home/student/Desktop/stream-processing/venv/lib/python3.10/site-packages/apache_beam/runners/worker/sdk_worker.py:189 [] - Creating insecure control channel for localhost:34389.
2026-05-13 17:32:10,679 INFO  /home/student/Desktop/stream-processing/venv/lib/python3.10/site-packages/apache_beam/runners/worker/sdk_worker.py:197 [] - Control channel established.
2026-05-13 17:32:10,682 INFO  /home/student/Desktop/stream-processing/venv/lib/python3.10/site-packages/apache_beam/runners/worker/sdk_worker.py:247 [] - Initializing SDKHarness with unbounded number of workers.
2026-05-13 17:32:10,683 INFO  org.apache.beam.runners.fnexecution.control.FnApiControlClientPoolService [] - Beam Fn Control client connected with id 1-1
2026-05-13 17:32:10,792 INFO  org.apache.flink.runtime.taskmanager.Task                    [] - Source: kafka-source -> Map, Filter, Map -> (Sink: Print to Std. Out, Sink: Writer -> Sink: Committer) (1/1)#0 (e1902fcb1f98b2ce0ce1e2cb6b041904_cbc357ccb763df2852fee8c4fc7d55f2_0_0) switched from INITIALIZING to RUNNING.
2026-05-13 17:32:10,792 INFO  org.apache.flink.runtime.executiongraph.ExecutionGraph       [] - Source: kafka-source -> Map, Filter, Map -> (Sink: Print to Std. Out, Sink: Writer -> Sink: Committer) (1/1) (e1902fcb1f98b2ce0ce1e2cb6b041904_cbc357ccb763df2852fee8c4fc7d55f2_0_0) switched from INITIALIZING to RUNNING.
2026-05-13 17:32:10,793 INFO  org.apache.flink.runtime.source.coordinator.SourceCoordinator [] - Source Source: kafka-source registering reader for parallel task 0 (#0) @ 
2026-05-13 17:32:10,794 INFO  org.apache.flink.connector.kafka.source.enumerator.KafkaSourceEnumerator [] - Assigning splits to readers {0=[[Partition: payments-0, StartingOffset: -2, StoppingOffset: -9223372036854775808]]}
2026-05-13 17:32:10,799 INFO  org.apache.flink.connector.base.source.reader.SourceReaderBase [] - Adding split(s) to reader: [[Partition: payments-0, StartingOffset: -2, StoppingOffset: -9223372036854775808]]
2026-05-13 17:32:10,809 INFO  org.apache.kafka.clients.consumer.ConsumerConfig             [] - ConsumerConfig values: 
	allow.auto.create.topics = true
	auto.commit.interval.ms = 5000
	auto.include.jmx.reporter = true
	auto.offset.reset = earliest
	bootstrap.servers = [localhost:9092]
	check.crcs = true
	client.dns.lookup = use_all_dns_ips
	client.id = flink-consumer-group-0
	client.rack = 
	connections.max.idle.ms = 540000
	default.api.timeout.ms = 60000
	enable.auto.commit = false
	exclude.internal.topics = true
	fetch.max.bytes = 52428800
	fetch.max.wait.ms = 500
	fetch.min.bytes = 1
	group.id = flink-consumer-group
	group.instance.id = null
	heartbeat.interval.ms = 3000
	interceptor.classes = []
	internal.leave.group.on.close = true
	internal.throw.on.fetch.stable.offset.unsupported = false
	isolation.level = read_uncommitted
	key.deserializer = class org.apache.kafka.common.serialization.ByteArrayDeserializer
	max.partition.fetch.bytes = 1048576
	max.poll.interval.ms = 300000
	max.poll.records = 500
	metadata.max.age.ms = 300000
	metric.reporters = []
	metrics.num.samples = 2
	metrics.recording.level = INFO
	metrics.sample.window.ms = 30000
	partition.assignment.strategy = [class org.apache.kafka.clients.consumer.RangeAssignor, class org.apache.kafka.clients.consumer.CooperativeStickyAssignor]
	receive.buffer.bytes = 65536
	reconnect.backoff.max.ms = 1000
	reconnect.backoff.ms = 50
	request.timeout.ms = 30000
	retry.backoff.ms = 100
	sasl.client.callback.handler.class = null
	sasl.jaas.config = null
	sasl.kerberos.kinit.cmd = /usr/bin/kinit
	sasl.kerberos.min.time.before.relogin = 60000
	sasl.kerberos.service.name = null
	sasl.kerberos.ticket.renew.jitter = 0.05
	sasl.kerberos.ticket.renew.window.factor = 0.8
	sasl.login.callback.handler.class = null
	sasl.login.class = null
	sasl.login.connect.timeout.ms = null
	sasl.login.read.timeout.ms = null
	sasl.login.refresh.buffer.seconds = 300
	sasl.login.refresh.min.period.seconds = 60
	sasl.login.refresh.window.factor = 0.8
	sasl.login.refresh.window.jitter = 0.05
	sasl.login.retry.backoff.max.ms = 10000
	sasl.login.retry.backoff.ms = 100
	sasl.mechanism = GSSAPI
	sasl.oauthbearer.clock.skew.seconds = 30
	sasl.oauthbearer.expected.audience = null
	sasl.oauthbearer.expected.issuer = null
	sasl.oauthbearer.jwks.endpoint.refresh.ms = 3600000
	sasl.oauthbearer.jwks.endpoint.retry.backoff.max.ms = 10000
	sasl.oauthbearer.jwks.endpoint.retry.backoff.ms = 100
	sasl.oauthbearer.jwks.endpoint.url = null
	sasl.oauthbearer.scope.claim.name = scope
	sasl.oauthbearer.sub.claim.name = sub
	sasl.oauthbearer.token.endpoint.url = null
	security.protocol = PLAINTEXT
	security.providers = null
	send.buffer.bytes = 131072
	session.timeout.ms = 45000
	socket.connection.setup.timeout.max.ms = 30000
	socket.connection.setup.timeout.ms = 10000
	ssl.cipher.suites = null
	ssl.enabled.protocols = [TLSv1.2, TLSv1.3]
	ssl.endpoint.identification.algorithm = https
	ssl.engine.factory.class = null
	ssl.key.password = null
	ssl.keymanager.algorithm = SunX509
	ssl.keystore.certificate.chain = null
	ssl.keystore.key = null
	ssl.keystore.location = null
	ssl.keystore.password = null
	ssl.keystore.type = JKS
	ssl.protocol = TLSv1.3
	ssl.provider = null
	ssl.secure.random.implementation = null
	ssl.trustmanager.algorithm = PKIX
	ssl.truststore.certificates = null
	ssl.truststore.location = null
	ssl.truststore.password = null
	ssl.truststore.type = JKS
	value.deserializer = class org.apache.kafka.common.serialization.ByteArrayDeserializer

2026-05-13 17:32:10,841 INFO  org.apache.kafka.clients.consumer.ConsumerConfig             [] - These configurations '[client.id.prefix, partition.discovery.interval.ms]' were supplied but are not used yet.
2026-05-13 17:32:10,841 INFO  org.apache.kafka.common.utils.AppInfoParser                  [] - Kafka version: 3.6.1
2026-05-13 17:32:10,841 INFO  org.apache.kafka.common.utils.AppInfoParser                  [] - Kafka commitId: 5e3c2b738d253ff5
2026-05-13 17:32:10,841 INFO  org.apache.kafka.common.utils.AppInfoParser                  [] - Kafka startTimeMs: 1778679130841
2026-05-13 17:32:10,845 INFO  org.apache.flink.connector.base.source.reader.fetcher.SplitFetcher [] - Starting split fetcher 0
2026-05-13 17:32:10,848 INFO  org.apache.kafka.clients.consumer.KafkaConsumer              [] - [Consumer clientId=flink-consumer-group-0, groupId=flink-consumer-group] Assigned to partition(s): payments-0
2026-05-13 17:32:10,850 INFO  org.apache.kafka.clients.consumer.internals.SubscriptionState [] - [Consumer clientId=flink-consumer-group-0, groupId=flink-consumer-group] Seeking to earliest offset of partition payments-0
2026-05-13 17:32:10,860 INFO  org.apache.kafka.clients.Metadata                            [] - [Consumer clientId=flink-consumer-group-0, groupId=flink-consumer-group] Cluster ID: w5m6aEWfTQC-8QnR4AMHGQ
2026-05-13 17:32:10,874 INFO  org.apache.kafka.clients.consumer.internals.SubscriptionState [] - [Consumer clientId=flink-consumer-group-0, groupId=flink-consumer-group] Resetting offset for partition payments-0 to position FetchPosition{offset=0, offsetEpoch=Optional.empty, currentLeader=LeaderAndEpoch{leader=Optional[localhost:9092 (id: 1 rack: null)], epoch=0}}.
2026-05-13 17:32:10,949 INFO  org.apache.beam.runners.fnexecution.control.FnApiControlClientPoolService [] - getProcessBundleDescriptor request with id 1-2
2026-05-13 17:32:10,956 INFO  /home/student/Desktop/stream-processing/venv/lib/python3.10/site-packages/apache_beam/runners/worker/sdk_worker.py:919 [] - Creating insecure state channel for localhost:44807.
2026-05-13 17:32:10,957 INFO  /home/student/Desktop/stream-processing/venv/lib/python3.10/site-packages/apache_beam/runners/worker/sdk_worker.py:926 [] - State channel established.
2026-05-13 17:32:10,961 INFO  /home/student/Desktop/stream-processing/venv/lib/python3.10/site-packages/apache_beam/runners/worker/data_plane.py:822 [] - Creating client data channel for localhost:42019
2026-05-13 17:32:10,962 INFO  org.apache.beam.runners.fnexecution.data.GrpcDataService     [] - Beam Fn Data client connected.
2026-05-13 17:32:11,839 WARN  org.apache.kafka.clients.NetworkClient                       [] - [Producer clientId=producer-1] Error while fetching metadata with correlation id 4 : {filtered-payments=LEADER_NOT_AVAILABLE}
2026-05-13 17:34:31,791 ERROR /home/student/Desktop/stream-processing/venv/lib/python3.10/site-packages/py4j/java_gateway.py:1066 [] - KeyboardInterrupt while sending command.
Traceback (most recent call last):
  File "/home/student/Desktop/stream-processing/venv/lib/python3.10/site-packages/py4j/java_gateway.py", line 1038, in send_command
    response = connection.send_command(command)
  File "/home/student/Desktop/stream-processing/venv/lib/python3.10/site-packages/py4j/java_gateway.py", line 1217, in send_command
    answer = smart_decode(self.stream.readline()[:-1])
  File "/usr/lib/python3.10/socket.py", line 705, in readinto
    return self._sock.recv_into(b)
KeyboardInterrupt Traceback (most recent call last):
  File "/home/student/Desktop/stream-processing/venv/lib/python3.10/site-packages/py4j/java_gateway.py", line 1038, in send_command
    response = connection.send_command(command)
  File "/home/student/Desktop/stream-processing/venv/lib/python3.10/site-packages/py4j/java_gateway.py", line 1217, in send_command
    answer = smart_decode(self.stream.readline()[:-1])
  File "/usr/lib/python3.10/socket.py", line 705, in readinto
    return self._sock.recv_into(b)
KeyboardInterrupt

2026-05-13 17:34:31,793 INFO  org.apache.beam.runners.fnexecution.logging.GrpcLoggingService [] - Logging client hanged up.
2026-05-13 17:34:31,956 INFO  org.apache.flink.runtime.blob.PermanentBlobCache             [] - Shutting down BLOB cache
2026-05-13 17:34:31,956 INFO  org.apache.flink.runtime.blob.TransientBlobCache             [] - Shutting down BLOB cache
2026-05-13 17:34:31,957 INFO  org.apache.flink.runtime.io.disk.FileChannelManagerImpl      [] - FileChannelManager removed spill file directory /tmp/flink-netty-shuffle-20c55010-b0f8-4f2c-95f9-dbfdd5367908
2026-05-13 17:34:31,956 INFO  org.apache.flink.runtime.state.TaskExecutorStateChangelogStoragesManager [] - Shutting down TaskExecutorStateChangelogStoragesManager.
2026-05-13 17:34:31,957 INFO  org.apache.flink.runtime.state.TaskExecutorLocalStateStoresManager [] - Shutting down TaskExecutorLocalStateStoresManager.
2026-05-13 17:34:31,958 INFO  org.apache.flink.runtime.filecache.FileCache                 [] - removed file cache directory /tmp/flink-dist-cache-a40a8aaf-b898-43c2-b4c0-57034f78898d
2026-05-13 17:34:31,958 INFO  org.apache.flink.runtime.io.disk.FileChannelManagerImpl      [] - FileChannelManager removed spill file directory /tmp/flink-io-7a4de9f0-3a92-4652-a076-19ee123a1f78
2026-05-13 17:34:31,959 INFO  org.apache.flink.runtime.blob.BlobServer                     [] - Stopped BLOB server at 0.0.0.0:44051
2026-05-13 17:34:31,956 ERROR org.apache.beam.sdk.fn.data.BeamFnDataGrpcMultiplexer        [] - Failed to handle for unknown endpoint
org.apache.beam.vendor.grpc.v1p48p1.io.grpc.StatusRuntimeException: CANCELLED: client cancelled
	at org.apache.beam.vendor.grpc.v1p48p1.io.grpc.Status.asRuntimeException(Status.java:526) ~[flink-python-1.17.2.jar:1.17.2]
	at org.apache.beam.vendor.grpc.v1p48p1.io.grpc.stub.ServerCalls$StreamingServerCallHandler$StreamingServerCallListener.onCancel(ServerCalls.java:291) [flink-python-1.17.2.jar:1.17.2]
	at org.apache.beam.vendor.grpc.v1p48p1.io.grpc.PartialForwardingServerCallListener.onCancel(PartialForwardingServerCallListener.java:40) [flink-python-1.17.2.jar:1.17.2]
	at org.apache.beam.vendor.grpc.v1p48p1.io.grpc.ForwardingServerCallListener.onCancel(ForwardingServerCallListener.java:23) [flink-python-1.17.2.jar:1.17.2]
	at org.apache.beam.vendor.grpc.v1p48p1.io.grpc.ForwardingServerCallListener$SimpleForwardingServerCallListener.onCancel(ForwardingServerCallListener.java:40) [flink-python-1.17.2.jar:1.17.2]
	at org.apache.beam.vendor.grpc.v1p48p1.io.grpc.Contexts$ContextualizedServerCallListener.onCancel(Contexts.java:96) [flink-python-1.17.2.jar:1.17.2]
	at org.apache.beam.vendor.grpc.v1p48p1.io.grpc.internal.ServerCallImpl$ServerStreamListenerImpl.closedInternal(ServerCallImpl.java:376) [flink-python-1.17.2.jar:1.17.2]
	at org.apache.beam.vendor.grpc.v1p48p1.io.grpc.internal.ServerCallImpl$ServerStreamListenerImpl.closed(ServerCallImpl.java:364) [flink-python-1.17.2.jar:1.17.2]
	at org.apache.beam.vendor.grpc.v1p48p1.io.grpc.internal.ServerImpl$JumpToApplicationThreadServerStreamListener$1Closed.runInContext(ServerImpl.java:913) [flink-python-1.17.2.jar:1.17.2]
	at org.apache.beam.vendor.grpc.v1p48p1.io.grpc.internal.ContextRunnable.run(ContextRunnable.java:37) [flink-python-1.17.2.jar:1.17.2]
	at org.apache.beam.vendor.grpc.v1p48p1.io.grpc.internal.SerializingExecutor.run(SerializingExecutor.java:133) [flink-python-1.17.2.jar:1.17.2]
	at java.util.concurrent.ThreadPoolExecutor.runWorker(ThreadPoolExecutor.java:1128) [?:?]
	at java.util.concurrent.ThreadPoolExecutor$Worker.run(ThreadPoolExecutor.java:628) [?:?]
	at java.lang.Thread.run(Thread.java:829) [?:?]
2026-05-13 17:34:31,958 ERROR org.apache.beam.runners.fnexecution.control.FnApiControlClient [] - FnApiControlClient received an error.
org.apache.beam.vendor.grpc.v1p48p1.io.grpc.StatusRuntimeException: CANCELLED: client cancelled
	at org.apache.beam.vendor.grpc.v1p48p1.io.grpc.Status.asRuntimeException(Status.java:526) ~[flink-python-1.17.2.jar:1.17.2]
	at org.apache.beam.vendor.grpc.v1p48p1.io.grpc.stub.ServerCalls$StreamingServerCallHandler$StreamingServerCallListener.onCancel(ServerCalls.java:291) [flink-python-1.17.2.jar:1.17.2]
	at org.apache.beam.vendor.grpc.v1p48p1.io.grpc.PartialForwardingServerCallListener.onCancel(PartialForwardingServerCallListener.java:40) [flink-python-1.17.2.jar:1.17.2]
	at org.apache.beam.vendor.grpc.v1p48p1.io.grpc.ForwardingServerCallListener.onCancel(ForwardingServerCallListener.java:23) [flink-python-1.17.2.jar:1.17.2]
	at org.apache.beam.vendor.grpc.v1p48p1.io.grpc.ForwardingServerCallListener$SimpleForwardingServerCallListener.onCancel(ForwardingServerCallListener.java:40) [flink-python-1.17.2.jar:1.17.2]
	at org.apache.beam.vendor.grpc.v1p48p1.io.grpc.Contexts$ContextualizedServerCallListener.onCancel(Contexts.java:96) [flink-python-1.17.2.jar:1.17.2]
	at org.apache.beam.vendor.grpc.v1p48p1.io.grpc.internal.ServerCallImpl$ServerStreamListenerImpl.closedInternal(ServerCallImpl.java:376) [flink-python-1.17.2.jar:1.17.2]
	at org.apache.beam.vendor.grpc.v1p48p1.io.grpc.internal.ServerCallImpl$ServerStreamListenerImpl.closed(ServerCallImpl.java:364) [flink-python-1.17.2.jar:1.17.2]
	at org.apache.beam.vendor.grpc.v1p48p1.io.grpc.internal.ServerImpl$JumpToApplicationThreadServerStreamListener$1Closed.runInContext(ServerImpl.java:913) [flink-python-1.17.2.jar:1.17.2]
	at org.apache.beam.vendor.grpc.v1p48p1.io.grpc.internal.ContextRunnable.run(ContextRunnable.java:37) [flink-python-1.17.2.jar:1.17.2]
	at org.apache.beam.vendor.grpc.v1p48p1.io.grpc.internal.SerializingExecutor.run(SerializingExecutor.java:133) [flink-python-1.17.2.jar:1.17.2]
	at java.util.concurrent.ThreadPoolExecutor.runWorker(ThreadPoolExecutor.java:1128) [?:?]
	at java.util.concurrent.ThreadPoolExecutor$Worker.run(ThreadPoolExecutor.java:628) [?:?]
	at java.lang.Thread.run(Thread.java:829) [?:?]
