2026-05-13 16:02:57,448 INFO  org.apache.flink.client.cli.CliFrontend                      [] - --------------------------------------------------------------------------------
2026-05-13 16:02:57,449 INFO  org.apache.flink.client.cli.CliFrontend                      [] -  Starting Command Line Client (Version: 1.17.2, Scala: 2.12, Rev:c0027e5, Date:2023-11-09T13:24:38+01:00)
2026-05-13 16:02:57,449 INFO  org.apache.flink.client.cli.CliFrontend                      [] -  OS current user: student
2026-05-13 16:02:57,449 INFO  org.apache.flink.client.cli.CliFrontend                      [] -  Current Hadoop/Kerberos user: <no hadoop dependency found>
2026-05-13 16:02:57,449 INFO  org.apache.flink.client.cli.CliFrontend                      [] -  JVM: OpenJDK 64-Bit Server VM - Ubuntu - 17/17.0.18+8-Ubuntu-122.04.1
2026-05-13 16:02:57,449 INFO  org.apache.flink.client.cli.CliFrontend                      [] -  Arch: amd64
2026-05-13 16:02:57,449 INFO  org.apache.flink.client.cli.CliFrontend                      [] -  Maximum heap size: 1956 MiBytes
2026-05-13 16:02:57,449 INFO  org.apache.flink.client.cli.CliFrontend                      [] -  JAVA_HOME: (not set)
2026-05-13 16:02:57,449 INFO  org.apache.flink.client.cli.CliFrontend                      [] -  No Hadoop Dependency available
2026-05-13 16:02:57,449 INFO  org.apache.flink.client.cli.CliFrontend                      [] -  JVM Options:
2026-05-13 16:02:57,450 INFO  org.apache.flink.client.cli.CliFrontend                      [] -     -Dlog.file=/home/student/Desktop/stream-processing/flink-1.17.2/log/flink-student-client-student-System-Product-Name.log
2026-05-13 16:02:57,450 INFO  org.apache.flink.client.cli.CliFrontend                      [] -     -Dlog4j.configuration=file:/home/student/Desktop/stream-processing/flink-1.17.2/conf/log4j-cli.properties
2026-05-13 16:02:57,450 INFO  org.apache.flink.client.cli.CliFrontend                      [] -     -Dlog4j.configurationFile=file:/home/student/Desktop/stream-processing/flink-1.17.2/conf/log4j-cli.properties
2026-05-13 16:02:57,450 INFO  org.apache.flink.client.cli.CliFrontend                      [] -     -Dlogback.configurationFile=file:/home/student/Desktop/stream-processing/flink-1.17.2/conf/logback.xml
2026-05-13 16:02:57,450 INFO  org.apache.flink.client.cli.CliFrontend                      [] -  Program Arguments:
2026-05-13 16:02:57,451 INFO  org.apache.flink.client.cli.CliFrontend                      [] -     --version
2026-05-13 16:02:57,451 INFO  org.apache.flink.client.cli.CliFrontend                      [] -  Classpath: /home/student/Desktop/stream-processing/flink-1.17.2/lib/flink-cep-1.17.2.jar:/home/student/Desktop/stream-processing/flink-1.17.2/lib/flink-connector-files-1.17.2.jar:/home/student/Desktop/stream-processing/flink-1.17.2/lib/flink-csv-1.17.2.jar:/home/student/Desktop/stream-processing/flink-1.17.2/lib/flink-json-1.17.2.jar:/home/student/Desktop/stream-processing/flink-1.17.2/lib/flink-scala_2.12-1.17.2.jar:/home/student/Desktop/stream-processing/flink-1.17.2/lib/flink-table-api-java-uber-1.17.2.jar:/home/student/Desktop/stream-processing/flink-1.17.2/lib/flink-table-planner-loader-1.17.2.jar:/home/student/Desktop/stream-processing/flink-1.17.2/lib/flink-table-runtime-1.17.2.jar:/home/student/Desktop/stream-processing/flink-1.17.2/lib/log4j-1.2-api-2.17.1.jar:/home/student/Desktop/stream-processing/flink-1.17.2/lib/log4j-api-2.17.1.jar:/home/student/Desktop/stream-processing/flink-1.17.2/lib/log4j-core-2.17.1.jar:/home/student/Desktop/stream-processing/flink-1.17.2/lib/log4j-slf4j-impl-2.17.1.jar:/home/student/Desktop/stream-processing/flink-1.17.2/lib/flink-dist-1.17.2.jar:::
2026-05-13 16:02:57,451 INFO  org.apache.flink.client.cli.CliFrontend                      [] - --------------------------------------------------------------------------------
2026-05-13 16:02:57,454 INFO  org.apache.flink.configuration.GlobalConfiguration           [] - Loading configuration property: taskmanager.memory.process.size, 1728m
2026-05-13 16:02:57,454 INFO  org.apache.flink.configuration.GlobalConfiguration           [] - Loading configuration property: jobmanager.bind-host, localhost
2026-05-13 16:02:57,454 INFO  org.apache.flink.configuration.GlobalConfiguration           [] - Loading configuration property: taskmanager.bind-host, localhost
2026-05-13 16:02:57,454 INFO  org.apache.flink.configuration.GlobalConfiguration           [] - Loading configuration property: taskmanager.host, localhost
2026-05-13 16:02:57,454 INFO  org.apache.flink.configuration.GlobalConfiguration           [] - Loading configuration property: parallelism.default, 1
2026-05-13 16:02:57,454 INFO  org.apache.flink.configuration.GlobalConfiguration           [] - Loading configuration property: jobmanager.execution.failover-strategy, region
2026-05-13 16:02:57,454 INFO  org.apache.flink.configuration.GlobalConfiguration           [] - Loading configuration property: jobmanager.rpc.address, localhost
2026-05-13 16:02:57,454 INFO  org.apache.flink.configuration.GlobalConfiguration           [] - Loading configuration property: taskmanager.numberOfTaskSlots, 1
2026-05-13 16:02:57,454 INFO  org.apache.flink.configuration.GlobalConfiguration           [] - Loading configuration property: rest.address, localhost
2026-05-13 16:02:57,454 INFO  org.apache.flink.configuration.GlobalConfiguration           [] - Loading configuration property: jobmanager.memory.process.size, 1600m
2026-05-13 16:02:57,454 INFO  org.apache.flink.configuration.GlobalConfiguration           [] - Loading configuration property: jobmanager.rpc.port, 6123
2026-05-13 16:02:57,454 INFO  org.apache.flink.configuration.GlobalConfiguration           [] - Loading configuration property: rest.bind-address, localhost
2026-05-13 16:02:57,473 INFO  org.apache.flink.client.cli.CliFrontend                      [] - Loading FallbackYarnSessionCli
2026-05-13 16:02:57,490 INFO  org.apache.flink.core.fs.FileSystem                          [] - Hadoop is not in the classpath/dependencies. The extended set of supported File Systems via Hadoop is not available.
2026-05-13 16:02:57,499 INFO  org.apache.flink.core.plugin.DefaultPluginManager            [] - Plugin loader with ID not found, creating it: metrics-jmx
2026-05-13 16:02:57,503 INFO  org.apache.flink.core.plugin.DefaultPluginManager            [] - Plugin loader with ID not found, creating it: metrics-prometheus
2026-05-13 16:02:57,503 INFO  org.apache.flink.core.plugin.DefaultPluginManager            [] - Plugin loader with ID not found, creating it: metrics-slf4j
2026-05-13 16:02:57,503 INFO  org.apache.flink.core.plugin.DefaultPluginManager            [] - Plugin loader with ID not found, creating it: metrics-influx
2026-05-13 16:02:57,503 INFO  org.apache.flink.core.plugin.DefaultPluginManager            [] - Plugin loader with ID not found, creating it: metrics-datadog
2026-05-13 16:02:57,503 INFO  org.apache.flink.core.plugin.DefaultPluginManager            [] - Plugin loader with ID not found, creating it: external-resource-gpu
2026-05-13 16:02:57,503 INFO  org.apache.flink.core.plugin.DefaultPluginManager            [] - Plugin loader with ID not found, creating it: metrics-statsd
2026-05-13 16:02:57,503 INFO  org.apache.flink.core.plugin.DefaultPluginManager            [] - Plugin loader with ID not found, creating it: metrics-graphite
2026-05-13 16:02:57,528 INFO  org.apache.flink.runtime.security.modules.HadoopModuleFactory [] - Cannot create Hadoop Security Module because Hadoop cannot be found in the Classpath.
2026-05-13 16:02:57,542 INFO  org.apache.flink.runtime.security.modules.JaasModule         [] - Jaas file will be created as /tmp/jaas-10932557525814423296.conf.
2026-05-13 16:02:57,548 INFO  org.apache.flink.runtime.security.contexts.HadoopSecurityContextFactory [] - Cannot install HadoopSecurityContext because Hadoop cannot be found in the Classpath.
